Compiling the C compiler identification source file "CMakeCCompilerId.c" failed.
Compiler: /Applications/Xcode.app/Contents/Developer/Toolchains/XcodeDefault.xctoolchain/usr/bin/cc 
Build flags: -Wall;-std=c++11
Id flags:  

The output was:
1
error: invalid argument '-std=c++11' not allowed with 'C'


Compiling the C compiler identification source file "CMakeCCompilerId.c" failed.
Compiler: /Applications/Xcode.app/Contents/Developer/Toolchains/XcodeDefault.xctoolchain/usr/bin/cc 
Build flags: -Wall;-std=c++11
Id flags: -c 

The output was:
1
error: invalid argument '-std=c++11' not allowed with 'C'


Compiling the C compiler identification source file "CMakeCCompilerId.c" failed.
Compiler: /Applications/Xcode.app/Contents/Developer/Toolchains/XcodeDefault.xctoolchain/usr/bin/cc 
Build flags: -Wall;-std=c++11
Id flags: -Aa 

The output was:
1
clang: warning: argument unused during compilation: '-Aa' [-Wunused-command-line-argument]
error: invalid argument '-std=c++11' not allowed with 'C'


Compiling the C compiler identification source file "CMakeCCompilerId.c" failed.
Compiler: /Applications/Xcode.app/Contents/Developer/Toolchains/XcodeDefault.xctoolchain/usr/bin/cc 
Build flags: -Wall;-std=c++11
Id flags: -D__CLASSIC_C__ 

The output was:
1
error: invalid argument '-std=c++11' not allowed with 'C'


Compiling the C compiler identification source file "CMakeCCompilerId.c" failed.
Compiler: /Applications/Xcode.app/Contents/Developer/Toolchains/XcodeDefault.xctoolchain/usr/bin/cc 
Build flags: -Wall;-std=c++11
Id flags: --target=arm-arm-none-eabi;-mcpu=cortex-m3 

The output was:
1
error: invalid argument '-std=c++11' not allowed with 'C'


Determining if the C compiler works failed with the following output:
Change Dir: /Users/enhering/dev/git/curso-c-/build/CMakeFiles/CMakeTmp

Run Build Command(s):/usr/local/bin/gmake cmTC_6287d/fast && /usr/local/bin/gmake  -f CMakeFiles/cmTC_6287d.dir/build.make CMakeFiles/cmTC_6287d.dir/build
gmake[1]: Entering directory '/Users/enhering/dev/git/curso-c-/build/CMakeFiles/CMakeTmp'
Building C object CMakeFiles/cmTC_6287d.dir/testCCompiler.c.o
/Applications/Xcode.app/Contents/Developer/Toolchains/XcodeDefault.xctoolchain/usr/bin/cc   -Wall -std=c++11    -o CMakeFiles/cmTC_6287d.dir/testCCompiler.c.o   -c /Users/enhering/dev/git/curso-c-/build/CMakeFiles/CMakeTmp/testCCompiler.c
error: invalid argument '-std=c++11' not allowed with 'C'
gmake[1]: *** [CMakeFiles/cmTC_6287d.dir/build.make:86: CMakeFiles/cmTC_6287d.dir/testCCompiler.c.o] Error 1
gmake[1]: Leaving directory '/Users/enhering/dev/git/curso-c-/build/CMakeFiles/CMakeTmp'
gmake: *** [Makefile:141: cmTC_6287d/fast] Error 2



